<?xml version="1.0" encoding="UTF-8"?>
<testsuite name="com.sofkau.runners.RegistroTest" tests="0" skipped="0" failures="0" errors="0" timestamp="1970-01-01T00:00:00" hostname="JUANDAVIDPC" time="0.0">
  <properties/>
  <system-out><![CDATA[
?[31mFailed scenarios:?[0m
?[31mfile:///D:/Java/workspace/C1-2023-QA-Auto-DemoScreenPlay/ScreenPlayEjemploEs/src/test/resources/features/registrarse.feature:20?[0m# Iniciar sesion

1 Scenarios (?[31m1 failed?[0m)
4 Steps (?[31m1 failed?[0m, ?[32m3 passed?[0m)
0m15.753s


java.lang.AssertionError: 
Expected: "Loged in as Juan Esteban"
     but: was "Logged in as Juan Esteban"
	at net.serenitybdd.screenplay.ErrorTally.throwSummaryExceptionFrom(ErrorTally.java:36)
	at net.serenitybdd.screenplay.ErrorTally.reportAnyErrors(ErrorTally.java:30)
	at net.serenitybdd.screenplay.Actor.should(Actor.java:316)
	at com.sofkau.stepdefinitions.RegistroInicioSesionStepDefinitions.elUsuarioDebeVerSuNombreEnLaPaginaPrincipal(RegistroInicioSesionStepDefinitions.java:59)
	at ?.el usuario debe ver su nombre en la pagina principal(file:///D:/Java/workspace/C1-2023-QA-Auto-DemoScreenPlay/ScreenPlayEjemploEs/src/test/resources/features/registrarse.feature:22)


]]></system-out>
  <system-err><![CDATA[SLF4J: No SLF4J providers were found.
SLF4J: Defaulting to no-operation (NOP) logger implementation
SLF4J: See https://www.slf4j.org/codes.html#noProviders for further details.
SLF4J: Class path contains SLF4J bindings targeting slf4j-api versions 1.7.x or earlier.
SLF4J: Ignoring binding found at [jar:file:/C:/Users/juand/.gradle/caches/modules-2/files-2.1/org.slf4j/slf4j-nop/1.7.28/e427e2f69d0a8508994e0a754a44d5212fa38b56/slf4j-nop-1.7.28.jar!/org/slf4j/impl/StaticLoggerBinder.class]
SLF4J: See https://www.slf4j.org/codes.html#ignoredBindings for an explanation.
]]></system-err>
</testsuite>
