<?xml version="1.0" encoding="UTF-8"?>
<testsuite name="Compras en pagina de pruebas" tests="1" skipped="0" failures="1" errors="0" timestamp="2023-03-21T16:11:09" hostname="JUANDAVIDPC" time="15.529">
  <properties/>
  <testcase name="Iniciar sesion" classname="Compras en pagina de pruebas" time="15.529">
    <failure message="java.lang.AssertionError: &#10;Expected: &quot;Loged in as Juan Esteban&quot;&#10;     but: was &quot;Logged in as Juan Esteban&quot;" type="java.lang.AssertionError">java.lang.AssertionError: 
Expected: &quot;Loged in as Juan Esteban&quot;
     but: was &quot;Logged in as Juan Esteban&quot;
	at net.serenitybdd.screenplay.ErrorTally.throwSummaryExceptionFrom(ErrorTally.java:36)
	at net.serenitybdd.screenplay.ErrorTally.reportAnyErrors(ErrorTally.java:30)
	at net.serenitybdd.screenplay.Actor.should(Actor.java:316)
	at com.sofkau.stepdefinitions.RegistroInicioSesionStepDefinitions.elUsuarioDebeVerSuNombreEnLaPaginaPrincipal(RegistroInicioSesionStepDefinitions.java:59)
	at ✽.el usuario debe ver su nombre en la pagina principal(file:///D:/Java/workspace/C1-2023-QA-Auto-DemoScreenPlay/ScreenPlayEjemploEs/src/test/resources/features/registrarse.feature:22)
</failure>
  </testcase>
  <system-out><![CDATA[]]></system-out>
  <system-err><![CDATA[Starting ChromeDriver 111.0.5563.64 (c710e93d5b63b7095afe8c2c17df34408078439d-refs/branch-heads/5563@{#995}) on port 2408
Only local connections are allowed.
Please see https://chromedriver.chromium.org/security-considerations for suggestions on keeping ChromeDriver safe.
ChromeDriver was started successfully.
mar 21, 2023 11:11:11 A. M. org.openqa.selenium.remote.ProtocolHandshake createSession
INFORMACIÓN: Detected dialect: W3C
mar 21, 2023 11:11:11 A. M. org.openqa.selenium.remote.DesiredCapabilities chrome
INFORMACIÓN: Using `new ChromeOptions()` is preferred to `DesiredCapabilities.chrome()`
Starting ChromeDriver 111.0.5563.64 (c710e93d5b63b7095afe8c2c17df34408078439d-refs/branch-heads/5563@{#995}) on port 34591
Only local connections are allowed.
Please see https://chromedriver.chromium.org/security-considerations for suggestions on keeping ChromeDriver safe.
ChromeDriver was started successfully.
mar 21, 2023 11:11:12 A. M. org.openqa.selenium.remote.ProtocolHandshake createSession
INFORMACIÓN: Detected dialect: W3C
]]></system-err>
</testsuite>
